SF:lib/app/app.dart
DA:9,1
DA:11,1
DA:13,0
DA:17,1
DA:18,0
DA:19,2
LF:6
LH:4
end_of_record
SF:lib/app/di/di.dart
DA:16,3
DA:18,0
DA:19,0
DA:20,0
DA:21,0
DA:22,0
DA:23,0
DA:26,0
DA:28,0
DA:29,0
DA:33,0
DA:34,0
DA:37,0
DA:38,0
DA:39,0
DA:42,0
DA:43,0
DA:44,0
DA:49,0
DA:50,0
DA:54,0
DA:55,0
DA:56,0
DA:67,0
DA:68,0
DA:69,0
DA:70,0
DA:75,0
DA:76,0
DA:79,0
DA:80,0
DA:92,0
DA:93,0
DA:94,0
DA:95,0
DA:97,0
DA:98,0
DA:99,0
DA:100,0
DA:105,0
DA:106,0
DA:107,0
LF:42
LH:1
end_of_record
SF:lib/core/app_theme/theme_data.dart
DA:5,0
DA:7,1
DA:8,1
DA:36,1
DA:37,1
DA:44,1
DA:45,1
LF:7
LH:6
end_of_record
SF:lib/features/splash/presentation/view/splash_view.dart
DA:7,2
DA:9,0
DA:10,0
DA:14,0
DA:16,0
DA:17,0
DA:20,0
DA:23,0
DA:24,0
DA:26,0
DA:28,0
DA:29,0
DA:31,0
DA:32,0
DA:34,0
DA:35,0
DA:37,0
DA:38,0
DA:49,0
DA:51,0
LF:20
LH:1
end_of_record
SF:lib/features/splash/presentation/view_model/cubit/splash_cubit.dart
DA:9,0
DA:13,0
DA:14,0
DA:15,0
DA:16,0
DA:18,0
DA:19,0
DA:20,0
LF:8
LH:0
end_of_record
SF:lib/app/constants/api_endpoints.dart
DA:2,0
LF:1
LH:0
end_of_record
SF:lib/app/constants/hive_table_constant.dart
DA:2,0
LF:1
LH:0
end_of_record
SF:lib/app/constants/theme_constant.dart
DA:4,0
LF:1
LH:0
end_of_record
SF:lib/core/network/api_service.dart
DA:9,0
DA:11,0
DA:12,0
DA:13,0
DA:14,0
DA:15,0
DA:16,0
DA:17,0
DA:22,0
DA:28,0
DA:31,0
DA:33,0
DA:40,0
DA:43,0
DA:46,0
DA:49,0
DA:53,0
LF:17
LH:0
end_of_record
SF:lib/core/network/hive_service.dart
DA:7,0
DA:9,0
DA:10,0
DA:12,0
DA:15,0
DA:19,0
DA:20,0
DA:21,0
DA:25,0
DA:26,0
DA:27,0
DA:31,0
DA:32,0
DA:33,0
DA:37,0
DA:38,0
DA:41,0
DA:42,0
DA:51,0
DA:52,0
DA:56,0
DA:57,0
LF:22
LH:0
end_of_record
SF:lib/features/auth/data/datasource/local_data_source/local_data_source.dart
DA:11,0
DA:13,0
DA:16,0
DA:26,0
DA:29,0
DA:30,0
DA:32,0
DA:36,0
DA:40,0
DA:42,0
DA:43,0
DA:45,0
DA:49,0
DA:52,0
LF:14
LH:0
end_of_record
SF:lib/features/auth/data/datasource/remote_data_source/remote_data_source.dart
DA:12,0
DA:14,0
DA:17,0
DA:20,0
DA:23,0
DA:25,0
DA:28,0
DA:29,0
DA:31,0
DA:33,0
DA:34,0
DA:36,0
DA:40,0
DA:43,0
DA:44,0
DA:46,0
DA:49,0
DA:50,0
DA:52,0
DA:53,0
DA:55,0
DA:59,0
DA:62,0
DA:63,0
DA:65,0
DA:69,0
DA:71,0
DA:72,0
DA:74,0
DA:76,0
DA:77,0
DA:79,0
LF:32
LH:0
end_of_record
SF:lib/features/auth/data/repository/auth_local_repository.dart
DA:12,0
DA:14,0
DA:17,0
DA:18,0
DA:20,0
DA:24,0
DA:30,0
DA:31,0
DA:33,0
DA:37,0
DA:40,0
DA:42,0
DA:46,0
DA:49,0
LF:14
LH:0
end_of_record
SF:lib/features/auth/data/repository/auth_remote_repository.dart
DA:12,0
DA:14,0
DA:17,0
DA:20,0
DA:24,0
DA:25,0
DA:27,0
DA:28,0
DA:29,0
DA:35,0
DA:38,0
DA:41,0
DA:45,0
DA:48,0
DA:50,0
LF:15
LH:0
end_of_record
SF:lib/features/auth/domain/use_case/login_use_case.dart
DA:11,0
DA:16,0
DA:17,0
DA:23,0
DA:25,0
DA:27,0
LF:6
LH:0
end_of_record
SF:lib/features/auth/domain/use_case/signup_use_case.dart
DA:16,0
DA:26,0
DA:35,0
DA:36,0
DA:42,0
DA:44,0
DA:46,0
DA:47,0
DA:48,0
DA:49,0
DA:50,0
DA:51,0
DA:52,0
DA:54,0
LF:14
LH:0
end_of_record
SF:lib/features/auth/domain/use_case/upload_image_usecase.dart
DA:11,0
DA:20,0
DA:22,0
DA:24,0
LF:4
LH:0
end_of_record
SF:lib/features/auth/presentation/view_model/login/bloc/login_state.dart
DA:6,0
DA:11,0
DA:15,0
DA:19,0
DA:20,0
DA:21,0
LF:6
LH:0
end_of_record
SF:lib/features/auth/presentation/view_model/login/bloc/login_event.dart
DA:4,0
DA:6,0
DA:7,0
DA:14,0
DA:24,0
DA:36,0
LF:6
LH:0
end_of_record
SF:lib/features/auth/presentation/view_model/login/bloc/login_bloc.dart
DA:14,0
DA:18,0
DA:20,0
DA:21,0
DA:25,0
DA:26,0
DA:27,0
DA:28,0
DA:29,0
DA:30,0
DA:34,0
DA:35,0
DA:37,0
DA:38,0
DA:39,0
DA:42,0
DA:44,0
DA:46,0
DA:47,0
DA:49,0
DA:52,0
DA:54,0
DA:55,0
DA:61,0
DA:63,0
DA:66,0
DA:67,0
DA:68,0
DA:69,0
LF:29
LH:0
end_of_record
SF:lib/features/auth/presentation/view_model/signup/bloc/signup_event.dart
DA:4,0
DA:6,0
DA:7,0
DA:12,0
DA:24,0
LF:5
LH:0
end_of_record
SF:lib/features/auth/presentation/view_model/signup/bloc/signup_state.dart
DA:7,0
DA:13,0
DA:18,0
DA:23,0
DA:24,0
DA:25,0
DA:26,0
LF:7
LH:0
end_of_record
SF:lib/features/auth/presentation/view_model/signup/bloc/signup_bloc.dart
DA:17,0
DA:24,0
DA:33,0
DA:34,0
DA:37,0
DA:41,0
DA:42,0
DA:43,0
DA:44,0
DA:45,0
DA:46,0
DA:48,0
DA:49,0
DA:50,0
DA:51,0
DA:56,0
DA:60,0
DA:61,0
DA:62,0
DA:65,0
DA:66,0
DA:67,0
DA:68,0
LF:23
LH:0
end_of_record
SF:lib/core/error/failure.dart
DA:6,0
DA:8,0
DA:9,0
DA:13,0
DA:18,0
LF:5
LH:0
end_of_record
SF:lib/core/common/snackbar/my_snackbar.dart
DA:3,0
DA:8,0
DA:10,0
DA:11,0
DA:12,0
LF:5
LH:0
end_of_record
SF:lib/core/network/dio_error_interceptor.dart
DA:4,0
DA:6,0
DA:7,0
DA:8,0
DA:9,0
DA:10,0
DA:11,0
DA:12,0
DA:14,0
DA:15,0
DA:16,0
DA:18,0
DA:21,0
DA:22,0
DA:23,0
DA:25,0
DA:27,0
LF:17
LH:0
end_of_record
SF:lib/features/auth/data/model/auth_hive_model.dart
DA:22,0
DA:28,0
DA:31,0
DA:39,0
DA:40,0
DA:41,0
DA:42,0
DA:43,0
DA:44,0
DA:45,0
DA:50,0
DA:51,0
DA:52,0
DA:53,0
DA:54,0
DA:55,0
DA:59,0
DA:60,0
LF:18
LH:0
end_of_record
SF:lib/features/auth/data/model/auth_hive_model.g.dart
DA:13,0
DA:15,0
DA:16,0
DA:17,0
DA:19,0
DA:20,0
DA:21,0
DA:22,0
DA:23,0
DA:24,0
DA:28,0
DA:31,0
DA:32,0
DA:33,0
DA:34,0
DA:35,0
DA:36,0
DA:37,0
DA:38,0
DA:39,0
DA:40,0
DA:41,0
DA:44,0
DA:45,0
DA:47,0
DA:50,0
DA:51,0
DA:52,0
LF:28
LH:0
end_of_record
SF:lib/features/auth/domain/entity/auth_entity.dart
DA:12,2
DA:21,0
DA:22,0
LF:3
LH:1
end_of_record
SF:lib/features/auth/data/model/auth_api_model.dart
DA:17,0
DA:26,0
DA:27,0
DA:29,0
DA:31,0
DA:32,0
DA:33,0
DA:34,0
DA:35,0
DA:36,0
DA:37,0
DA:39,0
DA:40,0
DA:41,0
DA:42,0
DA:43,0
DA:44,0
DA:45,0
DA:47,0
DA:48,0
LF:20
LH:0
end_of_record
SF:lib/features/auth/data/model/auth_api_model.g.dart
DA:9,0
DA:10,0
DA:11,0
DA:12,0
DA:13,0
DA:14,0
DA:17,0
DA:18,0
DA:19,0
DA:20,0
DA:21,0
DA:22,0
DA:23,0
LF:13
LH:0
end_of_record
SF:lib/features/auth/presentation/view/login_page.dart
DA:11,0
DA:18,0
DA:19,0
DA:20,0
DA:21,0
DA:24,0
DA:25,0
DA:27,0
DA:29,0
DA:32,0
DA:41,0
DA:42,0
DA:50,0
DA:51,0
DA:60,0
DA:62,0
DA:63,0
DA:64,0
DA:66,0
DA:69,0
DA:70,0
DA:71,0
DA:73,0
DA:75,0
DA:77,0
DA:93,0
DA:94,0
DA:95,0
DA:96,0
DA:98,0
DA:100,0
DA:101,0
DA:103,0
DA:104,0
DA:108,0
DA:109,0
DA:118,0
DA:120,0
DA:122,0
DA:124,0
DA:125,0
DA:130,0
DA:131,0
DA:140,0
DA:142,0
DA:143,0
DA:153,0
DA:155,0
DA:156,0
DA:158,0
DA:159,0
DA:160,0
DA:165,0
DA:166,0
DA:207,0
DA:209,0
DA:211,0
DA:212,0
DA:213,0
DA:214,0
LF:60
LH:0
end_of_record
SF:lib/features/auth/presentation/view/signup_page.dart
DA:10,5
DA:12,1
DA:13,1
DA:26,0
DA:28,0
DA:30,0
DA:31,0
DA:32,0
DA:36,0
DA:40,0
DA:41,0
DA:42,0
DA:43,0
DA:44,0
DA:45,0
DA:46,0
DA:47,0
DA:48,0
DA:52,0
DA:58,0
DA:59,0
DA:60,0
DA:65,1
DA:67,1
DA:69,1
DA:74,1
DA:76,0
DA:77,0
DA:81,1
DA:82,1
DA:84,1
DA:85,1
DA:86,1
DA:88,1
DA:90,1
DA:91,0
DA:92,0
DA:93,0
DA:99,0
DA:101,0
DA:103,0
DA:104,0
DA:105,0
DA:106,0
DA:107,0
DA:111,0
DA:112,0
DA:113,0
DA:114,0
DA:124,1
DA:126,1
DA:127,0
DA:133,2
DA:136,2
DA:139,2
DA:142,1
DA:144,1
DA:146,1
DA:147,1
DA:148,1
DA:152,1
DA:153,1
DA:166,1
DA:168,1
DA:170,1
DA:171,0
DA:172,0
DA:174,0
DA:192,1
DA:194,1
DA:196,1
DA:197,1
DA:200,2
DA:204,0
DA:205,0
DA:209,1
DA:210,1
DA:211,1
DA:212,1
DA:213,1
DA:216,2
DA:219,1
DA:220,1
DA:221,1
DA:222,0
DA:223,0
DA:226,0
DA:227,0
LF:88
LH:43
end_of_record
