SF:lib/app/shared_prefs/token_shared_prefs.dart
DA:8,0
DA:10,0
DA:12,0
DA:15,0
DA:19,0
DA:21,0
DA:22,0
DA:24,0
DA:28,0
DA:30,0
DA:31,0
DA:32,0
DA:33,0
DA:34,0
DA:37,0
LF:15
LH:0
end_of_record
SF:lib/app/shared_prefs/user_shared_prefs.dart
DA:13,0
DA:15,0
DA:18,0
DA:19,0
DA:20,0
DA:21,0
DA:24,0
DA:28,0
DA:30,0
DA:31,0
DA:32,0
DA:33,0
DA:35,0
DA:42,0
DA:46,0
DA:48,0
DA:49,0
DA:50,0
DA:51,0
DA:54,0
LF:20
LH:0
end_of_record
SF:lib/core/error/failure.dart
DA:6,16
DA:8,0
DA:9,0
DA:13,7
DA:18,6
DA:25,0
DA:31,3
LF:7
LH:4
end_of_record
SF:lib/features/auth/domain/use_case/login_use_case.dart
DA:13,3
DA:18,0
DA:19,0
DA:20,0
DA:21,0
DA:44,2
DA:52,0
DA:53,0
DA:61,1
DA:67,1
DA:69,4
DA:71,1
DA:72,2
DA:73,1
DA:74,1
DA:75,3
DA:78,1
DA:79,1
DA:80,1
DA:81,1
DA:82,1
DA:85,2
DA:86,2
DA:88,2
DA:90,1
LF:25
LH:19
end_of_record
SF:lib/features/auth/domain/use_case/upload_image_usecase.dart
DA:11,1
DA:20,1
DA:22,1
DA:24,3
LF:4
LH:4
end_of_record
SF:lib/features/auth/domain/entity/auth_entity.dart
DA:12,1
DA:21,0
DA:29,1
DA:30,7
LF:4
LH:3
end_of_record
SF:lib/features/auth/domain/use_case/signup_use_case.dart
DA:16,1
DA:25,0
DA:34,0
DA:43,0
DA:44,0
DA:50,1
DA:52,1
DA:54,1
DA:55,1
DA:56,1
DA:57,1
DA:58,1
DA:59,1
DA:60,1
DA:62,2
LF:15
LH:11
end_of_record
SF:lib/features/home/presentation/view/bottom_view/setting_view.dart
DA:4,15
DA:6,1
DA:8,1
DA:9,1
LF:4
LH:4
end_of_record
SF:lib/features/auth/domain/use_case/reset_password_usecase.dart
DA:12,2
DA:18,1
DA:19,4
DA:25,0
DA:27,0
DA:28,0
DA:29,0
DA:30,0
DA:31,0
LF:9
LH:3
end_of_record
SF:lib/features/auth/presentation/view_model/reset_password/reset_password_bloc.dart
DA:11,1
DA:13,1
DA:14,2
DA:17,1
DA:21,3
DA:23,1
DA:24,1
DA:25,1
DA:26,1
DA:29,2
DA:31,1
DA:32,1
DA:33,3
DA:36,1
DA:39,1
DA:40,3
LF:16
LH:16
end_of_record
SF:lib/features/auth/presentation/view_model/reset_password/reset_password_state.dart
DA:8,10
DA:14,1
DA:19,1
DA:20,0
DA:21,1
DA:22,1
DA:26,1
DA:27,4
LF:8
LH:7
end_of_record
SF:lib/features/auth/presentation/view_model/reset_password/reset_password_event.dart
DA:4,1
DA:6,0
DA:7,0
DA:15,1
DA:21,0
DA:22,0
LF:6
LH:2
end_of_record
SF:lib/features/auth/domain/use_case/get_otp_usecase.dart
DA:10,2
DA:12,0
DA:14,1
DA:15,2
DA:21,0
DA:23,0
DA:26,0
DA:27,0
DA:28,0
DA:29,0
DA:30,0
LF:11
LH:3
end_of_record
SF:lib/features/auth/presentation/view_model/request_otp/request_otp_state.dart
DA:8,10
DA:14,1
DA:19,1
DA:20,0
DA:21,0
DA:26,1
DA:27,4
LF:7
LH:5
end_of_record
SF:lib/features/auth/presentation/view_model/request_otp/request_otp_event.dart
DA:4,1
DA:6,0
DA:7,0
DA:13,1
DA:15,0
DA:16,0
LF:6
LH:2
end_of_record
SF:lib/features/auth/presentation/view_model/request_otp/request_otp_bloc.dart
DA:11,1
DA:13,1
DA:14,2
DA:15,3
DA:18,2
DA:20,2
DA:22,1
DA:23,1
DA:24,3
DA:27,1
DA:30,1
DA:31,3
LF:12
LH:12
end_of_record
SF:lib/features/auth/presentation/view/signup_page.dart
DA:10,8
DA:12,1
DA:13,1
DA:26,0
DA:28,0
DA:30,0
DA:31,0
DA:33,0
DA:36,0
DA:40,0
DA:41,0
DA:42,0
DA:43,0
DA:44,0
DA:45,0
DA:46,0
DA:47,0
DA:53,1
DA:55,1
DA:56,0
DA:57,0
DA:58,0
DA:64,0
DA:65,0
DA:67,0
DA:70,0
DA:71,0
DA:72,0
DA:73,0
DA:79,1
DA:81,1
DA:86,1
DA:88,0
DA:89,0
DA:93,1
DA:94,1
DA:96,1
DA:97,1
DA:98,1
DA:100,1
DA:102,1
DA:103,0
DA:104,0
DA:105,0
DA:111,0
DA:113,0
DA:115,0
DA:116,0
DA:117,0
DA:118,0
DA:119,0
DA:123,0
DA:124,0
DA:125,0
DA:126,0
DA:136,1
DA:138,1
DA:139,0
DA:145,2
DA:149,2
DA:153,2
DA:157,1
DA:159,1
DA:161,1
DA:163,1
DA:164,1
DA:168,1
DA:169,1
DA:182,1
DA:184,1
DA:186,1
DA:187,0
DA:188,0
DA:190,0
DA:191,0
DA:210,1
DA:213,1
DA:216,1
DA:217,1
DA:220,2
DA:224,0
DA:225,0
DA:228,0
DA:229,0
DA:232,0
DA:233,0
DA:241,1
DA:242,1
DA:244,1
DA:245,1
DA:246,1
DA:249,2
DA:252,1
DA:253,1
DA:254,1
DA:255,0
DA:256,0
DA:259,0
DA:260,0
DA:263,0
LF:100
LH:44
end_of_record
SF:lib/features/auth/presentation/view_model/signup/bloc/signup_event.dart
DA:4,0
DA:6,0
DA:7,0
DA:13,0
DA:15,0
DA:16,0
DA:25,0
DA:32,0
DA:33,0
LF:9
LH:0
end_of_record
SF:lib/features/auth/presentation/view_model/signup/bloc/signup_state.dart
DA:9,0
DA:16,1
DA:22,0
DA:28,0
DA:29,0
DA:30,0
DA:31,0
DA:32,0
LF:8
LH:1
end_of_record
SF:lib/features/auth/presentation/view_model/signup/bloc/signup_bloc.dart
DA:15,1
DA:20,2
DA:21,2
DA:22,2
DA:26,0
DA:30,0
DA:32,0
DA:33,0
DA:34,0
DA:35,0
DA:36,0
DA:37,0
DA:40,0
DA:41,0
DA:42,0
DA:43,0
DA:48,0
DA:52,0
DA:54,0
DA:55,0
DA:58,0
DA:59,0
DA:60,0
DA:61,0
LF:24
LH:4
end_of_record
SF:lib/app/constants/api_endpoints.dart
DA:2,0
LF:1
LH:0
end_of_record
SF:lib/app/constants/hive_table_constant.dart
DA:2,0
LF:1
LH:0
end_of_record
SF:lib/app/di/di.dart
DA:41,0
DA:43,0
DA:44,0
DA:45,0
DA:46,0
DA:48,0
DA:49,0
DA:51,0
DA:52,0
DA:54,0
DA:55,0
DA:56,0
DA:57,0
DA:58,0
DA:59,0
DA:62,0
DA:64,0
DA:65,0
DA:69,0
DA:70,0
DA:73,0
DA:74,0
DA:75,0
DA:76,0
DA:80,0
DA:81,0
DA:85,0
DA:86,0
DA:87,0
DA:90,0
DA:91,0
DA:92,0
DA:96,0
DA:97,0
DA:98,0
DA:99,0
DA:102,0
DA:103,0
DA:107,0
DA:109,0
DA:110,0
DA:114,0
DA:115,0
DA:116,0
DA:117,0
DA:118,0
DA:119,0
DA:124,0
DA:125,0
DA:126,0
DA:127,0
DA:128,0
DA:129,0
DA:134,0
DA:135,0
DA:138,0
DA:139,0
DA:140,0
DA:143,0
DA:144,0
DA:145,0
DA:150,0
DA:151,0
DA:155,0
DA:156,0
DA:157,0
DA:176,0
DA:177,0
DA:180,0
DA:181,0
DA:183,0
DA:184,0
DA:185,0
DA:186,0
DA:193,0
DA:195,0
DA:196,0
DA:199,0
DA:200,0
DA:203,0
DA:204,0
DA:205,0
DA:208,0
DA:209,0
DA:210,0
DA:217,0
DA:218,0
DA:238,0
DA:239,0
DA:241,0
DA:248,0
DA:249,0
DA:250,0
DA:251,0
DA:253,0
DA:254,0
DA:257,0
DA:258,0
DA:270,0
DA:271,0
DA:272,0
DA:273,0
DA:274,0
DA:275,0
DA:281,0
DA:283,0
DA:284,0
DA:287,0
DA:288,0
DA:291,0
DA:292,0
DA:293,0
DA:296,0
DA:297,0
DA:298,0
DA:305,0
DA:306,0
DA:307,0
DA:327,0
DA:328,0
DA:330,0
DA:337,0
DA:338,0
DA:339,0
DA:340,0
DA:341,0
DA:346,0
DA:347,0
DA:348,0
LF:129
LH:0
end_of_record
SF:lib/core/network/api_service.dart
DA:9,0
DA:11,0
DA:12,0
DA:13,0
DA:14,0
DA:15,0
DA:16,0
DA:17,0
DA:22,0
LF:9
LH:0
end_of_record
SF:lib/core/network/hive_service.dart
DA:11,0
DA:13,0
DA:14,0
DA:16,0
DA:19,0
DA:27,0
DA:28,0
DA:29,0
DA:33,0
DA:34,0
DA:35,0
DA:39,0
DA:40,0
DA:41,0
DA:45,0
DA:46,0
DA:49,0
DA:50,0
DA:59,0
DA:60,0
DA:64,0
DA:65,0
DA:66,0
DA:69,0
DA:70,0
DA:71,0
DA:74,0
DA:75,0
DA:76,0
DA:80,0
DA:82,0
DA:83,0
DA:86,0
DA:87,0
DA:88,0
DA:91,0
DA:92,0
DA:93,0
DA:101,0
DA:103,0
DA:104,0
DA:108,0
DA:109,0
LF:43
LH:0
end_of_record
SF:lib/features/auth/data/datasource/local_data_source/local_data_source.dart
DA:12,0
DA:34,0
DA:37,0
DA:40,0
DA:41,0
DA:44,0
DA:45,0
DA:46,0
DA:47,0
DA:48,0
DA:52,0
DA:55,0
DA:59,0
DA:63,0
DA:65,0
DA:66,0
DA:67,0
DA:69,0
DA:73,0
DA:76,0
DA:79,0
DA:82,0
DA:85,0
DA:88,0
LF:24
LH:0
end_of_record
SF:lib/features/auth/data/datasource/remote_data_source/remote_data_source.dart
DA:14,0
DA:16,0
DA:19,0
DA:22,0
DA:25,0
DA:27,0
DA:33,0
DA:34,0
DA:36,0
DA:38,0
DA:40,0
DA:41,0
DA:42,0
DA:43,0
DA:45,0
DA:53,0
DA:55,0
DA:56,0
DA:58,0
DA:62,0
DA:65,0
DA:66,0
DA:68,0
DA:71,0
DA:72,0
DA:74,0
DA:75,0
DA:77,0
DA:81,0
DA:84,0
DA:85,0
DA:87,0
DA:91,0
DA:93,0
DA:94,0
DA:96,0
DA:98,0
DA:99,0
DA:101,0
DA:106,0
DA:109,0
DA:111,0
DA:113,0
DA:114,0
DA:119,0
DA:121,0
DA:123,0
DA:124,0
DA:129,0
DA:133,0
DA:135,0
DA:138,0
DA:139,0
DA:141,0
DA:142,0
DA:144,0
LF:56
LH:0
end_of_record
SF:lib/features/auth/data/repository/auth_local_repository.dart
DA:13,0
DA:25,0
DA:32,0
DA:33,0
DA:34,0
DA:35,0
DA:36,0
DA:37,0
DA:38,0
DA:40,0
DA:44,0
DA:47,0
DA:49,0
DA:53,0
DA:56,0
DA:59,0
DA:62,0
DA:65,0
DA:69,0
LF:19
LH:0
end_of_record
SF:lib/features/auth/data/repository/auth_remote_repository.dart
DA:13,0
DA:15,0
DA:18,0
DA:21,0
DA:26,0
DA:27,0
DA:29,0
DA:33,0
DA:36,0
DA:39,0
DA:43,0
DA:46,0
DA:48,0
DA:52,0
DA:55,0
DA:56,0
DA:57,0
DA:59,0
DA:63,0
DA:67,0
DA:70,0
LF:21
LH:0
end_of_record
SF:lib/features/auth/presentation/view_model/login/bloc/login_state.dart
DA:8,0
DA:14,1
DA:19,0
DA:24,0
DA:25,0
DA:26,0
DA:27,0
LF:7
LH:1
end_of_record
SF:lib/features/auth/presentation/view_model/login/bloc/login_event.dart
DA:4,0
DA:6,0
DA:7,0
DA:14,0
DA:24,0
DA:34,0
DA:46,0
LF:7
LH:0
end_of_record
SF:lib/features/auth/presentation/view_model/login/bloc/login_bloc.dart
DA:20,1
DA:29,2
DA:30,1
DA:31,0
DA:32,0
DA:33,0
DA:34,0
DA:35,0
DA:36,0
DA:38,0
DA:44,1
DA:45,0
DA:46,0
DA:47,0
DA:48,0
DA:49,0
DA:50,0
DA:52,0
DA:58,1
DA:59,0
DA:60,0
DA:61,0
DA:62,0
DA:63,0
DA:64,0
DA:71,1
DA:72,0
DA:76,1
DA:77,0
DA:79,0
DA:80,0
DA:81,0
DA:84,0
DA:86,0
DA:87,0
DA:89,0
DA:92,0
DA:94,0
DA:95,0
DA:97,0
DA:101,0
DA:103,0
DA:106,0
DA:107,0
DA:108,0
DA:109,0
LF:46
LH:7
end_of_record
SF:lib/features/cart/data/data_source/cart_datasource.dart
DA:11,0
DA:15,0
DA:16,0
DA:17,0
DA:18,0
DA:19,0
DA:23,0
DA:27,0
DA:28,0
DA:30,0
DA:31,0
DA:33,0
DA:34,0
DA:38,0
DA:39,0
DA:41,0
DA:42,0
DA:44,0
DA:97,0
DA:99,0
DA:100,0
DA:101,0
DA:102,0
DA:103,0
DA:105,0
DA:106,0
DA:108,0
DA:109,0
DA:111,0
DA:112,0
DA:114,0
LF:31
LH:0
end_of_record
SF:lib/features/cart/data/repository/cart_remote_repository.dart
DA:10,0
DA:12,0
DA:17,0
DA:22,0
DA:36,0
DA:39,0
DA:40,0
DA:42,0
DA:46,0
DA:49,0
DA:52,0
DA:55,0
LF:12
LH:0
end_of_record
SF:lib/features/cart/domain/use_case/add_product_usecase.dart
DA:16,0
DA:23,0
DA:24,0
DA:30,0
DA:33,0
DA:35,0
DA:36,0
DA:37,0
DA:38,0
DA:42,0
LF:10
LH:0
end_of_record
SF:lib/features/cart/presentation/view_model/cart_state.dart
DA:8,7
DA:14,0
DA:22,0
DA:27,0
DA:28,0
DA:29,0
DA:34,0
DA:35,0
LF:8
LH:1
end_of_record
SF:lib/features/cart/presentation/view_model/cart_event.dart
DA:4,0
DA:5,0
DA:6,0
DA:11,0
DA:12,0
DA:13,0
DA:23,0
DA:31,0
DA:32,0
DA:42,0
DA:50,0
DA:51,0
DA:56,0
DA:57,0
DA:58,0
LF:15
LH:0
end_of_record
SF:lib/features/cart/presentation/view_model/cart_bloc.dart
DA:18,0
DA:23,0
DA:24,0
DA:25,0
DA:26,0
DA:27,0
DA:31,0
DA:32,0
DA:34,0
DA:36,0
DA:37,0
DA:38,0
DA:40,0
DA:41,0
DA:47,0
DA:49,0
DA:51,0
DA:52,0
DA:53,0
DA:54,0
DA:55,0
DA:56,0
DA:57,0
DA:61,0
DA:62,0
DA:63,0
DA:64,0
DA:65,0
DA:67,0
DA:73,0
DA:75,0
DA:77,0
DA:78,0
DA:79,0
DA:80,0
DA:81,0
DA:82,0
DA:83,0
DA:87,0
DA:88,0
DA:89,0
DA:90,0
DA:91,0
DA:93,0
DA:99,0
DA:101,0
DA:103,0
DA:104,0
DA:107,0
DA:108,0
DA:109,0
DA:110,0
DA:111,0
LF:53
LH:0
end_of_record
SF:lib/features/doctor/data/data_source/local_datasource/doctor_local_data_source.dart
DA:10,0
DA:12,0
DA:15,0
DA:16,0
DA:18,0
DA:31,0
DA:34,0
DA:35,0
DA:37,0
LF:9
LH:0
end_of_record
SF:lib/features/doctor/data/data_source/remote_datasource/doctor_remote_data_source.dart
DA:10,0
DA:32,0
DA:34,0
DA:35,0
DA:36,0
DA:38,0
DA:39,0
DA:41,0
DA:43,0
DA:44,0
DA:46,0
LF:11
LH:0
end_of_record
SF:lib/features/doctor/data/repository/doctor_local_repository.dart
DA:11,0
DA:57,0
DA:60,0
DA:61,0
DA:63,0
DA:64,0
LF:6
LH:0
end_of_record
SF:lib/features/doctor/data/repository/doctor_remote_repository.dart
DA:11,0
DA:35,0
DA:38,0
DA:39,0
DA:41,0
LF:5
LH:0
end_of_record
SF:lib/features/doctor/domain/use_case/get_all_doctor_usecase.dart
DA:11,1
DA:13,1
DA:15,2
LF:3
LH:3
end_of_record
SF:lib/features/doctor/presentation/view_model/doctor_event.dart
DA:4,0
DA:6,0
DA:7,0
DA:19,0
DA:22,0
DA:23,0
DA:29,0
DA:31,0
DA:32,0
DA:41,0
DA:48,0
DA:49,0
LF:12
LH:0
end_of_record
SF:lib/features/doctor/presentation/view_model/doctor_bloc.dart
DA:15,0
DA:25,0
DA:26,0
DA:33,0
DA:36,0
DA:38,0
DA:39,0
DA:40,0
DA:41,0
DA:42,0
DA:43,0
LF:11
LH:0
end_of_record
SF:lib/features/home/presentation/view_model/cubit/home_cubit.dart
DA:9,3
DA:10,0
DA:11,0
DA:14,0
DA:15,0
DA:16,0
DA:17,0
DA:19,0
DA:20,0
DA:21,0
DA:22,0
LF:11
LH:1
end_of_record
SF:lib/features/onboarding/presentation/view_model/onboarding_cubit.dart
DA:12,0
DA:14,0
DA:15,0
DA:18,0
DA:20,0
DA:21,0
DA:23,0
DA:24,0
DA:26,0
DA:27,0
DA:29,0
DA:30,0
DA:33,0
DA:34,0
DA:40,0
DA:41,0
DA:42,0
DA:44,0
DA:45,0
DA:46,0
DA:47,0
DA:54,0
DA:55,0
DA:56,0
DA:58,0
DA:59,0
LF:26
LH:0
end_of_record
SF:lib/features/product/data/data_source/local_datasource/product_local_data_source.dart
DA:10,0
DA:31,0
DA:34,0
DA:35,0
DA:37,0
DA:41,0
DA:44,0
DA:47,0
LF:8
LH:0
end_of_record
SF:lib/features/product/data/data_source/remote_datasource/product_remote_data_source.dart
DA:10,0
DA:32,0
DA:34,0
DA:35,0
DA:36,0
DA:38,0
DA:39,0
DA:41,0
DA:43,0
DA:44,0
DA:46,0
DA:50,0
DA:52,0
DA:53,0
DA:54,0
DA:56,0
DA:58,0
DA:59,0
DA:61,0
LF:19
LH:0
end_of_record
SF:lib/features/product/data/repository/product_local_repository.dart
DA:11,0
DA:35,0
DA:38,0
DA:39,0
DA:40,0
DA:41,0
DA:46,0
DA:47,0
DA:62,0
DA:65,0
DA:66,0
DA:68,0
DA:69,0
LF:13
LH:0
end_of_record
SF:lib/features/product/data/repository/product_remote_repository.dart
DA:11,0
DA:35,0
DA:38,0
DA:39,0
DA:41,0
DA:45,0
DA:48,0
DA:49,0
DA:51,0
LF:9
LH:0
end_of_record
SF:lib/features/product/domain/use_case/get_all_product_usecase.dart
DA:12,1
DA:14,1
DA:16,2
LF:3
LH:3
end_of_record
SF:lib/features/product/presentation/view_model/product_event.dart
DA:4,0
DA:6,0
DA:7,0
DA:19,0
DA:22,0
DA:23,0
DA:29,0
DA:31,0
DA:32,0
DA:41,0
DA:48,0
DA:49,0
LF:12
LH:0
end_of_record
SF:lib/features/product/presentation/view_model/product_bloc.dart
DA:14,0
DA:24,0
DA:25,0
DA:32,0
DA:35,0
DA:37,0
DA:38,0
DA:39,0
DA:40,0
DA:41,0
DA:42,0
LF:11
LH:0
end_of_record
SF:lib/features/splash/presentation/view_model/cubit/splash_cubit.dart
DA:10,0
DA:12,0
DA:13,0
DA:15,0
DA:17,0
DA:19,0
DA:20,0
DA:22,0
DA:23,0
LF:9
LH:0
end_of_record
SF:lib/core/common/snackbar/my_snackbar.dart
DA:3,0
DA:8,0
DA:10,0
DA:11,0
DA:12,0
LF:5
LH:0
end_of_record
SF:lib/core/network/dio_error_interceptor.dart
DA:4,0
DA:6,0
DA:7,0
DA:8,0
DA:9,0
DA:10,0
DA:11,0
DA:12,0
DA:14,0
DA:15,0
DA:16,0
DA:18,0
DA:21,0
DA:22,0
DA:23,0
DA:25,0
DA:27,0
LF:17
LH:0
end_of_record
SF:lib/features/auth/data/model/auth_hive_model.dart
DA:22,0
DA:28,0
DA:31,0
DA:39,0
DA:40,0
DA:41,0
DA:42,0
DA:43,0
DA:44,0
DA:45,0
DA:50,0
DA:51,0
DA:52,0
DA:53,0
DA:54,0
DA:55,0
DA:59,0
DA:60,0
LF:18
LH:0
end_of_record
SF:lib/features/auth/data/model/auth_hive_model.g.dart
DA:13,0
DA:15,0
DA:16,0
DA:17,0
DA:19,0
DA:20,0
DA:21,0
DA:22,0
DA:23,0
DA:24,0
DA:28,0
DA:31,0
DA:32,0
DA:33,0
DA:34,0
DA:35,0
DA:36,0
DA:37,0
DA:38,0
DA:39,0
DA:40,0
DA:41,0
DA:44,0
DA:45,0
DA:47,0
DA:50,0
DA:51,0
DA:52,0
LF:28
LH:0
end_of_record
SF:lib/features/doctor/data/model/doctor_hive_model.dart
DA:33,0
DA:40,0
DA:43,0
DA:52,0
DA:53,0
DA:54,0
DA:55,0
DA:56,0
DA:57,0
DA:58,0
DA:59,0
DA:64,0
DA:65,0
DA:66,0
DA:67,0
DA:68,0
DA:69,0
DA:70,0
DA:71,0
DA:76,0
DA:78,0
DA:79,0
DA:82,0
DA:83,0
LF:24
LH:0
end_of_record
SF:lib/features/doctor/data/model/doctor_hive_model.g.dart
DA:13,0
DA:15,0
DA:16,0
DA:17,0
DA:19,0
DA:20,0
DA:21,0
DA:22,0
DA:23,0
DA:24,0
DA:25,0
DA:29,0
DA:32,0
DA:33,0
DA:34,0
DA:35,0
DA:36,0
DA:37,0
DA:38,0
DA:39,0
DA:40,0
DA:41,0
DA:42,0
DA:43,0
DA:44,0
DA:47,0
DA:48,0
DA:50,0
DA:53,0
DA:54,0
DA:55,0
LF:31
LH:0
end_of_record
SF:lib/features/product/data/model/product_hive_model.dart
DA:27,0
DA:32,0
DA:35,0
DA:41,0
DA:42,0
DA:43,0
DA:44,0
DA:45,0
DA:46,0
DA:51,0
DA:52,0
DA:53,0
DA:54,0
DA:55,0
DA:56,0
DA:64,0
DA:66,0
DA:67,0
DA:70,0
DA:71,0
DA:72,0
DA:73,0
DA:74,0
DA:75,0
LF:24
LH:0
end_of_record
SF:lib/features/product/data/model/product_hive_model.g.dart
DA:13,0
DA:15,0
DA:16,0
DA:17,0
DA:19,0
DA:20,0
DA:21,0
DA:22,0
DA:23,0
DA:27,0
DA:30,0
DA:31,0
DA:32,0
DA:33,0
DA:34,0
DA:35,0
DA:36,0
DA:37,0
DA:38,0
DA:41,0
DA:42,0
DA:44,0
DA:47,0
DA:48,0
DA:49,0
LF:25
LH:0
end_of_record
SF:lib/features/user/data/model/user_hive_model.dart
DA:33,0
DA:40,0
DA:43,0
DA:52,0
DA:53,0
DA:54,0
DA:55,0
DA:56,0
DA:57,0
DA:58,0
DA:59,0
DA:64,0
DA:65,0
DA:66,0
DA:67,0
DA:68,0
DA:69,0
DA:70,0
DA:71,0
DA:76,0
DA:78,0
DA:79,0
DA:82,0
DA:83,0
LF:24
LH:0
end_of_record
SF:lib/features/user/data/model/user_hive_model.g.dart
DA:13,0
DA:15,0
DA:16,0
DA:17,0
DA:19,0
DA:20,0
DA:21,0
DA:22,0
DA:23,0
DA:24,0
DA:25,0
DA:29,0
DA:32,0
DA:33,0
DA:34,0
DA:35,0
DA:36,0
DA:37,0
DA:38,0
DA:39,0
DA:40,0
DA:41,0
DA:42,0
DA:43,0
DA:44,0
DA:47,0
DA:48,0
DA:50,0
DA:53,0
DA:54,0
DA:55,0
LF:31
LH:0
end_of_record
SF:lib/features/auth/data/model/auth_api_model.dart
DA:17,0
DA:26,0
DA:27,0
DA:29,0
DA:31,0
DA:32,0
DA:33,0
DA:34,0
DA:35,0
DA:36,0
DA:37,0
DA:39,0
DA:40,0
DA:41,0
DA:42,0
DA:43,0
DA:44,0
DA:45,0
DA:47,0
DA:48,0
LF:20
LH:0
end_of_record
SF:lib/features/auth/data/model/auth_api_model.g.dart
DA:9,0
DA:10,0
DA:11,0
DA:12,0
DA:13,0
DA:14,0
DA:15,0
DA:18,0
DA:19,0
DA:20,0
DA:21,0
DA:22,0
DA:23,0
DA:24,0
DA:25,0
LF:15
LH:0
end_of_record
SF:lib/features/auth/presentation/view/login_page.dart
DA:11,2
DA:17,2
DA:19,2
DA:20,2
DA:21,2
DA:22,2
DA:25,2
DA:26,2
DA:27,2
DA:29,2
DA:31,2
DA:33,2
DA:49,2
DA:50,2
DA:51,2
DA:52,2
DA:54,2
DA:56,2
DA:57,2
DA:59,2
DA:60,2
DA:64,0
DA:65,0
DA:69,0
DA:79,2
DA:81,2
DA:83,2
DA:85,2
DA:86,2
DA:104,2
DA:106,2
DA:107,0
DA:108,0
DA:110,0
DA:111,0
DA:112,0
DA:113,0
DA:114,0
DA:129,2
DA:131,2
DA:132,2
DA:134,2
DA:135,0
DA:136,0
DA:137,0
DA:139,0
DA:142,0
DA:143,0
DA:152,2
DA:157,2
DA:158,2
DA:200,2
DA:202,2
DA:204,2
DA:205,0
DA:206,0
DA:207,0
LF:57
LH:38
end_of_record
SF:lib/features/auth/presentation/view/request_otp_view.dart
DA:10,0
DA:17,0
DA:19,0
DA:20,0
DA:23,0
DA:25,0
DA:28,0
DA:29,0
DA:30,0
DA:31,0
DA:32,0
DA:34,0
DA:35,0
DA:47,0
DA:49,0
DA:54,0
DA:55,0
DA:59,0
DA:61,0
DA:67,0
DA:68,0
DA:69,0
DA:70,0
DA:71,0
DA:72,0
DA:73,0
DA:75,0
DA:76,0
DA:77,0
DA:78,0
DA:79,0
DA:83,0
DA:84,0
DA:86,0
DA:90,0
DA:91,0
DA:92,0
DA:93,0
DA:100,0
DA:101,0
DA:102,0
DA:104,0
DA:105,0
DA:106,0
DA:107,0
DA:108,0
DA:112,0
DA:118,0
LF:48
LH:0
end_of_record
SF:lib/features/home/presentation/view/home_view.dart
DA:15,14
DA:17,0
DA:18,0
DA:32,0
DA:34,0
DA:37,0
DA:38,0
DA:41,0
DA:44,0
DA:46,0
DA:47,0
DA:50,0
DA:51,0
DA:52,0
DA:57,0
DA:58,0
DA:59,0
DA:60,0
DA:62,0
DA:65,0
DA:68,0
DA:70,0
DA:71,0
DA:72,0
DA:74,0
DA:75,0
DA:77,0
DA:78,0
DA:80,0
DA:85,0
DA:87,0
DA:92,0
DA:93,0
DA:94,0
DA:96,0
DA:97,0
DA:104,0
DA:105,0
DA:106,0
LF:39
LH:1
end_of_record
SF:lib/features/auth/presentation/view/reset_password_view.dart
DA:13,0
DA:15,0
DA:16,0
DA:26,0
DA:28,0
DA:29,0
DA:32,0
DA:34,0
DA:35,0
DA:36,0
DA:37,0
DA:40,0
DA:45,0
DA:46,0
DA:49,0
DA:51,0
DA:54,0
DA:55,0
DA:57,0
DA:58,0
DA:59,0
DA:61,0
DA:75,0
DA:77,0
DA:87,0
DA:88,0
DA:92,0
DA:97,0
DA:98,0
DA:99,0
DA:102,0
DA:107,0
DA:108,0
DA:109,0
DA:112,0
DA:113,0
DA:122,0
DA:123,0
DA:124,0
DA:125,0
DA:129,0
DA:130,0
DA:133,0
DA:134,0
DA:135,0
DA:140,0
DA:141,0
DA:144,0
DA:153,0
DA:154,0
DA:155,0
DA:156,0
DA:162,0
DA:164,0
DA:165,0
DA:166,0
DA:167,0
DA:170,0
DA:173,0
DA:174,0
DA:175,0
DA:176,0
DA:182,0
DA:183,0
DA:186,0
DA:187,0
DA:189,0
DA:190,0
DA:194,0
DA:196,0
DA:197,0
DA:198,0
DA:199,0
DA:201,0
DA:203,0
DA:204,0
DA:212,0
LF:77
LH:0
end_of_record
SF:lib/features/cart/data/model/cart_item_api_model.dart
DA:17,0
DA:25,0
DA:26,0
DA:28,0
DA:31,0
DA:32,0
DA:33,0
DA:34,0
DA:36,0
DA:37,0
DA:41,0
DA:42,0
DA:43,0
DA:44,0
DA:45,0
DA:46,0
DA:49,0
DA:50,0
DA:51,0
DA:52,0
DA:53,0
DA:54,0
DA:55,0
LF:23
LH:0
end_of_record
SF:lib/features/cart/data/model/cart_item_api_model.g.dart
DA:9,0
DA:10,0
DA:11,0
DA:12,0
DA:13,0
DA:14,0
DA:15,0
DA:18,0
DA:19,0
DA:20,0
DA:21,0
DA:22,0
DA:23,0
DA:24,0
LF:14
LH:0
end_of_record
SF:lib/features/cart/domain/entity/cart_item_entity.dart
DA:11,0
DA:26,0
DA:27,0
DA:28,0
DA:29,0
DA:30,0
DA:31,0
DA:32,0
DA:33,0
LF:9
LH:0
end_of_record
SF:lib/features/cart/domain/use_case/clear_cart_usecase.dart
DA:10,0
DA:14,0
DA:15,0
DA:16,0
DA:23,0
DA:26,0
DA:28,0
LF:7
LH:0
end_of_record
SF:lib/features/cart/domain/use_case/get_cart_usecase.dart
DA:11,0
DA:15,0
DA:16,0
DA:17,0
DA:25,0
DA:28,0
DA:31,0
LF:7
LH:0
end_of_record
SF:lib/features/cart/domain/use_case/remove_product_usecase.dart
DA:15,0
DA:23,0
DA:24,0
DA:31,0
DA:34,0
DA:36,0
DA:37,0
DA:38,0
DA:39,0
DA:43,0
LF:10
LH:0
end_of_record
SF:lib/features/cart/presentation/view/cart_screen_view.dart
DA:9,7
DA:11,0
DA:12,0
DA:21,0
DA:23,0
DA:24,0
DA:27,0
DA:28,0
DA:29,0
DA:31,0
DA:32,0
DA:33,0
DA:35,0
DA:37,0
DA:38,0
DA:39,0
DA:44,0
DA:47,0
DA:49,0
DA:50,0
DA:51,0
DA:52,0
DA:53,0
DA:56,0
DA:59,0
DA:60,0
DA:61,0
DA:66,0
DA:68,0
DA:69,0
DA:70,0
DA:71,0
DA:74,0
DA:75,0
DA:76,0
DA:78,0
DA:82,0
DA:85,0
DA:86,0
DA:91,0
DA:93,0
DA:94,0
DA:97,0
DA:98,0
DA:99,0
DA:101,0
DA:105,0
DA:108,0
DA:109,0
DA:114,0
DA:115,0
DA:117,0
DA:118,0
DA:122,0
DA:124,0
DA:125,0
DA:126,0
DA:135,0
DA:137,0
DA:138,0
DA:139,0
DA:141,0
DA:146,0
DA:147,0
DA:148,0
DA:149,0
DA:151,0
DA:152,0
DA:153,0
DA:155,0
DA:159,0
DA:160,0
DA:162,0
DA:164,0
DA:165,0
DA:166,0
DA:167,0
DA:171,0
DA:173,0
DA:180,0
DA:181,0
DA:186,0
DA:187,0
DA:191,0
DA:194,0
DA:195,0
DA:205,0
DA:207,0
DA:209,0
DA:210,0
DA:211,0
DA:219,0
DA:220,0
DA:222,0
DA:225,0
DA:232,0
DA:233,0
DA:245,0
DA:246,0
DA:247,0
DA:251,0
DA:252,0
DA:265,0
DA:266,0
DA:267,0
DA:269,0
DA:270,0
DA:271,0
DA:275,0
DA:279,0
DA:280,0
LF:111
LH:1
end_of_record
SF:lib/features/checkout/checkout_view.dart
DA:10,0
DA:12,0
DA:13,0
DA:22,0
DA:24,0
DA:25,0
DA:28,0
DA:29,0
DA:30,0
DA:31,0
DA:35,0
DA:36,0
DA:37,0
DA:43,0
DA:46,0
DA:47,0
DA:48,0
DA:49,0
DA:50,0
DA:51,0
DA:52,0
DA:53,0
DA:54,0
DA:55,0
DA:56,0
DA:57,0
DA:58,0
DA:59,0
DA:61,0
DA:62,0
DA:64,0
DA:65,0
DA:66,0
DA:67,0
DA:71,0
DA:73,0
DA:74,0
DA:77,0
DA:79,0
DA:82,0
DA:83,0
DA:84,0
DA:89,0
DA:91,0
DA:93,0
DA:94,0
DA:97,0
DA:98,0
DA:103,0
DA:105,0
DA:107,0
DA:109,0
DA:113,0
DA:116,0
DA:117,0
DA:124,0
DA:125,0
DA:126,0
DA:127,0
DA:128,0
DA:131,0
DA:132,0
DA:133,0
DA:134,0
DA:140,0
DA:141,0
DA:142,0
DA:143,0
DA:144,0
DA:145,0
DA:146,0
DA:148,0
DA:149,0
DA:150,0
DA:156,0
DA:158,0
DA:159,0
DA:167,0
DA:169,0
DA:170,0
DA:171,0
LF:81
LH:0
end_of_record
SF:lib/features/doctor/domain/entity/doctor_entity.dart
DA:11,1
DA:21,0
DA:29,0
DA:30,0
LF:4
LH:1
end_of_record
SF:lib/features/doctor/data/model/doctor_api_model.dart
DA:19,0
DA:28,0
DA:37,0
DA:38,0
DA:41,0
DA:44,0
DA:45,0
DA:46,0
DA:47,0
DA:48,0
DA:49,0
DA:50,0
DA:54,0
DA:55,0
DA:56,0
DA:57,0
DA:58,0
DA:59,0
DA:60,0
DA:61,0
DA:66,0
DA:67,0
DA:70,0
DA:71,0
LF:24
LH:0
end_of_record
SF:lib/features/doctor/data/model/doctor_api_model.g.dart
DA:9,0
DA:10,0
DA:11,0
DA:12,0
DA:13,0
DA:14,0
DA:15,0
DA:16,0
DA:19,0
DA:20,0
DA:21,0
DA:22,0
DA:23,0
DA:24,0
DA:25,0
DA:26,0
LF:16
LH:0
end_of_record
SF:lib/features/doctor/presentation/view/doctor_view.dart
DA:13,7
DA:15,0
DA:16,0
DA:23,0
DA:25,0
DA:26,0
DA:29,0
DA:30,0
DA:31,0
DA:32,0
DA:34,0
DA:35,0
DA:36,0
DA:37,0
DA:42,0
DA:43,0
DA:46,0
DA:47,0
DA:49,0
DA:52,0
DA:54,0
DA:55,0
DA:56,0
DA:65,0
DA:66,0
DA:67,0
DA:70,0
DA:71,0
DA:72,0
DA:73,0
DA:78,0
DA:87,0
DA:89,0
DA:90,0
DA:91,0
DA:92,0
DA:95,0
DA:96,0
DA:98,0
DA:100,0
DA:101,0
DA:102,0
DA:103,0
DA:107,0
DA:108,0
DA:112,0
DA:113,0
DA:117,0
DA:118,0
DA:124,0
DA:125,0
DA:126,0
DA:128,0
DA:130,0
DA:131,0
DA:146,0
DA:147,0
DA:148,0
DA:149,0
DA:150,0
DA:153,0
DA:154,0
DA:155,0
DA:156,0
DA:158,0
DA:159,0
DA:161,0
DA:162,0
DA:165,0
DA:168,0
DA:170,0
DA:171,0
DA:172,0
DA:173,0
DA:174,0
DA:175,0
DA:176,0
DA:182,0
DA:184,0
DA:186,0
DA:187,0
DA:189,0
DA:190,0
DA:191,0
DA:194,0
DA:195,0
DA:200,0
DA:202,0
DA:204,0
DA:205,0
DA:207,0
DA:210,0
DA:215,0
DA:217,0
DA:222,0
DA:223,0
DA:224,0
DA:227,0
DA:228,0
DA:229,0
DA:230,0
DA:231,0
DA:233,0
DA:234,0
DA:235,0
DA:245,0
DA:247,0
DA:248,0
DA:256,0
DA:257,0
DA:258,0
DA:259,0
DA:260,0
DA:270,0
DA:273,0
DA:275,0
DA:276,0
DA:281,0
DA:282,0
DA:284,0
LF:120
LH:1
end_of_record
SF:lib/features/doctor/presentation/view_model/doctor_state.dart
DA:12,7
DA:21,0
DA:31,0
DA:39,0
DA:40,0
DA:41,0
DA:42,0
DA:43,0
DA:44,0
DA:45,0
DA:49,0
DA:50,0
DA:51,0
DA:52,0
DA:53,0
DA:54,0
DA:55,0
DA:56,0
LF:18
LH:1
end_of_record
SF:lib/features/history/history_view.dart
DA:8,7
DA:10,0
DA:11,0
DA:20,0
DA:22,0
DA:23,0
DA:26,0
DA:27,0
DA:28,0
DA:30,0
DA:31,0
DA:32,0
DA:36,0
DA:39,0
DA:41,0
DA:42,0
DA:43,0
DA:47,0
DA:51,0
DA:53,0
DA:54,0
DA:56,0
DA:57,0
DA:58,0
DA:59,0
DA:63,0
DA:67,0
DA:69,0
DA:70,0
DA:71,0
DA:73,0
DA:75,0
DA:77,0
DA:83,0
DA:84,0
DA:85,0
DA:86,0
DA:90,0
DA:92,0
DA:93,0
DA:98,0
DA:99,0
DA:102,0
DA:105,0
DA:106,0
DA:107,0
DA:110,0
DA:115,0
DA:127,0
DA:128,0
DA:129,0
DA:130,0
DA:134,0
DA:136,0
DA:137,0
DA:138,0
DA:139,0
DA:140,0
DA:141,0
DA:144,0
DA:145,0
DA:147,0
DA:148,0
DA:149,0
DA:150,0
DA:151,0
DA:157,0
DA:158,0
DA:160,0
DA:161,0
DA:162,0
DA:163,0
DA:168,0
LF:73
LH:1
end_of_record
SF:lib/features/home/presentation/view/bottom_view/dashboard_view.dart
DA:11,14
DA:13,0
DA:15,0
DA:16,0
DA:18,0
DA:20,0
DA:34,0
DA:35,0
DA:38,0
DA:39,0
DA:58,0
DA:94,0
DA:96,0
DA:97,0
DA:98,0
DA:99,0
DA:105,0
DA:106,0
DA:112,0
DA:113,0
DA:119,0
DA:120,0
DA:122,0
DA:123,0
DA:125,0
DA:126,0
DA:127,0
DA:128,0
DA:145,0
DA:146,0
DA:148,0
DA:149,0
DA:150,0
DA:152,0
DA:153,0
DA:154,0
DA:159,0
DA:163,0
DA:164,0
DA:166,0
DA:172,0
DA:173,0
DA:174,0
DA:175,0
DA:176,0
DA:178,0
DA:179,0
DA:180,0
DA:181,0
DA:188,0
DA:208,7
DA:215,0
DA:217,0
DA:218,0
DA:219,0
DA:221,0
DA:222,0
DA:225,0
DA:241,0
DA:251,0
DA:253,0
DA:255,0
DA:256,0
DA:257,0
DA:259,0
DA:261,0
DA:262,0
DA:263,0
DA:264,0
DA:266,0
DA:267,0
DA:269,0
DA:270,0
DA:273,0
DA:282,0
DA:284,0
DA:285,0
DA:286,0
DA:287,0
DA:290,0
LF:80
LH:2
end_of_record
SF:lib/features/product/presentation/view/product_view.dart
DA:8,21
DA:10,0
DA:11,0
DA:14,0
DA:15,0
DA:17,0
DA:20,0
DA:22,0
DA:23,0
DA:24,0
DA:27,0
DA:28,0
DA:29,0
DA:30,0
DA:35,0
DA:44,0
DA:46,0
DA:47,0
DA:54,0
DA:55,0
DA:57,0
DA:58,0
DA:59,0
DA:61,0
DA:62,0
DA:63,0
DA:64,0
DA:65,0
DA:66,0
DA:68,0
DA:69,0
DA:71,0
DA:76,0
DA:78,0
DA:79,0
DA:81,0
DA:83,0
DA:85,0
DA:86,0
DA:89,0
DA:90,0
DA:93,0
DA:94,0
DA:104,0
DA:106,0
DA:107,0
DA:108,0
DA:109,0
DA:119,0
DA:120,0
LF:50
LH:1
end_of_record
SF:lib/features/home/presentation/view/bottom_view/profile_view.dart
DA:10,14
DA:12,0
DA:13,0
DA:23,0
DA:25,0
DA:26,0
DA:29,0
DA:30,0
DA:31,0
DA:32,0
DA:33,0
DA:34,0
DA:35,0
DA:36,0
DA:40,0
DA:42,0
DA:45,0
DA:46,0
DA:47,0
DA:48,0
DA:51,0
DA:53,0
DA:54,0
DA:55,0
DA:56,0
DA:58,0
DA:59,0
DA:60,0
DA:63,0
DA:64,0
DA:65,0
DA:68,0
DA:71,0
DA:72,0
DA:77,0
DA:80,0
DA:82,0
DA:83,0
DA:84,0
DA:85,0
DA:86,0
DA:87,0
DA:89,0
DA:91,0
DA:92,0
DA:93,0
DA:95,0
DA:96,0
DA:97,0
DA:98,0
DA:108,0
DA:110,0
DA:111,0
DA:113,0
DA:115,0
DA:117,0
DA:124,0
DA:125,0
DA:130,0
DA:131,0
DA:137,0
DA:140,0
DA:141,0
DA:143,0
DA:144,0
DA:145,0
DA:146,0
DA:153,0
DA:156,0
DA:157,0
DA:159,0
DA:160,0
DA:161,0
DA:169,0
DA:172,0
DA:173,0
DA:175,0
DA:176,0
DA:180,0
DA:183,0
DA:184,0
DA:186,0
DA:187,0
LF:83
LH:1
end_of_record
SF:lib/sensor/shake_detector.dart
DA:16,0
DA:22,0
DA:23,0
DA:24,0
DA:25,0
DA:26,0
DA:27,0
DA:29,0
DA:31,0
DA:32,0
DA:33,0
DA:34,0
DA:35,0
DA:41,0
DA:42,0
LF:15
LH:0
end_of_record
SF:lib/features/home/presentation/view_model/cubit/home_state.dart
DA:16,1
DA:21,1
DA:22,1
DA:24,1
DA:25,1
DA:26,0
DA:27,1
DA:28,0
DA:31,1
DA:32,0
DA:34,1
DA:35,0
DA:41,0
DA:44,0
DA:45,0
DA:46,0
DA:50,0
DA:51,0
LF:18
LH:8
end_of_record
SF:lib/features/onboarding/presentation/view/onboarding_view.dart
DA:7,8
DA:9,1
DA:11,1
DA:12,1
DA:13,1
DA:15,1
DA:16,1
DA:23,1
DA:24,1
DA:25,1
DA:26,1
DA:27,1
DA:31,1
DA:32,1
DA:38,1
DA:39,1
DA:40,1
DA:42,1
DA:44,1
DA:69,1
DA:71,1
DA:72,0
DA:75,0
DA:76,0
DA:78,1
DA:81,1
DA:82,1
LF:27
LH:24
end_of_record
SF:lib/features/product/domain/entity/product_entity.dart
DA:15,2
DA:28,0
DA:40,0
DA:41,0
DA:42,0
DA:43,0
DA:44,0
DA:45,0
DA:46,0
DA:47,0
DA:48,0
DA:53,0
DA:54,0
DA:55,0
DA:56,0
DA:57,0
DA:58,0
DA:59,0
DA:60,0
DA:61,0
LF:20
LH:1
end_of_record
SF:lib/features/product/data/model/product_api_model.dart
DA:19,0
DA:30,0
DA:40,0
DA:41,0
DA:44,0
DA:47,0
DA:48,0
DA:49,0
DA:50,0
DA:51,0
DA:57,0
DA:58,0
DA:59,0
DA:60,0
DA:61,0
DA:62,0
DA:63,0
DA:70,0
DA:71,0
DA:74,0
DA:75,0
DA:76,0
DA:77,0
DA:78,0
DA:79,0
LF:25
LH:0
end_of_record
SF:lib/features/product/data/model/product_api_model.g.dart
DA:9,0
DA:10,0
DA:11,0
DA:12,0
DA:13,0
DA:14,0
DA:15,0
DA:16,0
DA:19,0
DA:20,0
DA:21,0
DA:22,0
DA:23,0
DA:24,0
DA:25,0
DA:26,0
LF:16
LH:0
end_of_record
SF:lib/features/product/presentation/view/single_product.dart
DA:16,0
DA:27,0
DA:28,0
DA:35,0
DA:37,0
DA:38,0
DA:42,0
DA:43,0
DA:44,0
DA:46,0
DA:47,0
DA:48,0
DA:51,0
DA:52,0
DA:54,0
DA:64,0
DA:65,0
DA:66,0
DA:76,0
DA:77,0
DA:78,0
DA:79,0
DA:80,0
DA:81,0
DA:86,0
DA:88,0
DA:89,0
DA:90,0
DA:93,0
DA:94,0
DA:95,0
DA:100,0
DA:103,0
DA:104,0
DA:109,0
DA:111,0
DA:112,0
DA:113,0
DA:122,0
DA:124,0
DA:126,0
DA:128,0
DA:129,0
DA:130,0
DA:131,0
DA:132,0
DA:133,0
DA:139,0
DA:140,0
DA:141,0
DA:142,0
DA:146,0
DA:158,0
DA:159,0
DA:170,0
DA:171,0
DA:182,0
DA:183,0
DA:184,0
DA:187,0
DA:189,0
DA:191,0
DA:192,0
DA:193,0
DA:195,0
DA:204,0
DA:205,0
DA:206,0
DA:208,0
DA:209,0
DA:213,0
DA:216,0
DA:217,0
DA:221,0
DA:222,0
DA:235,0
DA:236,0
DA:238,0
DA:239,0
DA:241,0
DA:242,0
DA:243,0
DA:246,0
LF:83
LH:0
end_of_record
SF:lib/features/product/presentation/view_model/product_state.dart
DA:12,7
DA:21,0
DA:31,0
DA:39,0
DA:40,0
DA:41,0
DA:42,0
DA:43,0
DA:44,0
DA:45,0
DA:49,0
DA:50,0
DA:51,0
DA:52,0
DA:53,0
DA:54,0
DA:55,0
DA:56,0
LF:18
LH:1
end_of_record
SF:lib/features/user/domain/entity/user_entity.dart
DA:11,0
DA:21,0
DA:29,0
DA:30,0
LF:4
LH:0
end_of_record
SF:lib/features/product/domain/use_case/get_product_by_id_usecase.dart
DA:11,1
DA:13,0
DA:14,0
DA:21,1
DA:23,1
DA:26,3
LF:6
LH:4
end_of_record
